<?xml version="1.0" encoding="UTF-8"?>
<!-- Generated by org.testng.reporters.JUnitXMLReporter -->
<testsuite hostname="DESKTOP-27HB9NG" ignored="0" name="Default test" tests="2" failures="0" timestamp="25 Jan 2021 09:53:30 GMT" time="12.406" errors="0">
  <testcase name="Select_Product_And_Add_to_Cart" time="6.151" classname="tests.Add_product_to_cart_Test"/>
  <testcase name="Open_cart_And_view_added_products" time="2.072" classname="tests.Add_product_to_cart_Test"/>
</testsuite> <!-- Default test -->
