<?xml version="1.0" encoding="UTF-8"?>
<!-- Generated by org.testng.reporters.JUnitXMLReporter -->
<testsuite hostname="DESKTOP-27HB9NG" ignored="2" name="Test" tests="6" failures="0" timestamp="25 Jan 2021 10:34:24 GMT" time="31.479" errors="0">
  <testcase name="Open_Registration_Page" time="3.055" classname="tests.RegistrationTest"/>
  <testcase name="Test_valid_Registration" time="4.774" classname="tests.RegistrationTest"/>
  <testcase name="Test_valid_Registration" time="2.613" classname="tests.RegistrationTest"/>
  <testcase name="Test_valid_login" time="3.762" classname="tests.LoginTest"/>
  <testcase name="Select_Product_And_Add_to_Cart" time="6.185" classname="tests.Add_product_to_cart_Test"/>
  <testcase name="Open_cart_And_view_added_products" time="3.393" classname="tests.Add_product_to_cart_Test"/>
  <testcase name="@BeforeSuite browsersetup" time="0.0" classname="tests.TestBase">
    <ignored/>
  </testcase> <!-- @BeforeSuite browsersetup -->
  <testcase name="@BeforeSuite browsersetup" time="0.0" classname="tests.TestBase">
    <ignored/>
  </testcase> <!-- @BeforeSuite browsersetup -->
</testsuite> <!-- Test -->
